--- Startup times for process: Primary (or UI client) ---

times in msec
 clock   self+sourced   self:  sourced script
 clock   elapsed:              other lines

000.013  000.013: --- NVIM STARTING ---
012.678  012.665: event init
022.089  009.410: early init
022.736  000.648: locale set
031.458  008.722: init first window
049.136  017.678: inits 1
050.086  000.950: window checked
050.098  000.012: parsing arguments
056.271  000.117  000.117: require('vim._core.shared')
056.478  000.012  000.012: require('string.buffer')
056.531  000.104  000.093: require('vim.inspect')
056.644  000.091  000.091: require('vim._core.options')
056.651  000.367  000.172: require('vim._core.editor')
060.359  003.704  003.704: require('vim._core.system')
060.374  004.258  000.071: require('vim._init_packages')
060.382  006.026: init lua interpreter
068.486  008.104: nvim_ui_attach
069.198  000.712: nvim_set_client_info
069.206  000.008: --- NVIM STARTED ---

--- Startup times for process: Embedded ---

times in msec
 clock   self+sourced   self:  sourced script
 clock   elapsed:              other lines

000.006  000.006: --- NVIM STARTING ---
000.321  000.315: event init
003.022  002.701: early init
003.587  000.566: locale set
003.712  000.124: init first window
004.475  000.763: inits 1
004.503  000.028: window checked
004.510  000.007: parsing arguments
005.531  000.113  000.113: require('vim._core.shared')
005.726  000.008  000.008: require('string.buffer')
005.789  000.125  000.116: require('vim.inspect')
005.918  000.110  000.110: require('vim._core.options')
005.925  000.384  000.149: require('vim._core.editor')
006.056  000.127  000.127: require('vim._core.system')
006.061  000.683  000.059: require('vim._init_packages')
006.067  000.874: init lua interpreter
006.283  000.216: expanding arguments
006.347  000.064: inits 2
007.039  000.692: init highlight
007.045  000.006: waiting for UI
008.771  001.726: done waiting for UI
011.350  002.579: clear screen
011.939  000.046  000.046: require('vim.keymap')
019.288  000.400  000.400: sourcing nvim_exec2()
020.408  000.044  000.044: require('vim._core.log')
021.420  010.030  009.540: require('vim._core.defaults')
021.428  000.048: init default mappings & autocommands
023.934  000.547  000.547: sourcing /tmp/.mount_nvimchJlCn/usr/share/nvim/runtime/ftplugin.vim
024.866  000.696  000.696: sourcing /tmp/.mount_nvimchJlCn/usr/share/nvim/runtime/indent.vim
026.223  001.173  001.173: sourcing /home/nothing/.config/nvim/init.lua
026.245  002.401: sourcing vimrc file(s)
027.269  000.129  000.129: sourcing nvim_exec2() called at /tmp/.mount_nvimchJlCn/usr/share/nvim/runtime/filetype.lua:0
027.278  000.842  000.713: sourcing /tmp/.mount_nvimchJlCn/usr/share/nvim/runtime/filetype.lua
029.564  000.209  000.209: sourcing /tmp/.mount_nvimchJlCn/usr/share/nvim/runtime/syntax/synload.vim
029.914  001.290  001.080: sourcing /tmp/.mount_nvimchJlCn/usr/share/nvim/runtime/syntax/syntax.vim
032.958  001.035  001.035: sourcing /tmp/.mount_nvimchJlCn/usr/share/nvim/runtime/plugin/gzip.vim
035.357  000.993  000.993: sourcing /tmp/.mount_nvimchJlCn/usr/share/nvim/runtime/pack/dist/opt/matchit/plugin/matchit.vim
035.556  002.440  001.447: sourcing /tmp/.mount_nvimchJlCn/usr/share/nvim/runtime/plugin/matchit.vim
035.924  000.287  000.287: sourcing /tmp/.mount_nvimchJlCn/usr/share/nvim/runtime/plugin/matchparen.vim
037.994  000.535  000.535: sourcing /tmp/.mount_nvimchJlCn/usr/share/nvim/runtime/pack/dist/opt/netrw/plugin/netrwPlugin.vim
038.181  002.160  001.624: sourcing /tmp/.mount_nvimchJlCn/usr/share/nvim/runtime/plugin/netrwPlugin.vim
038.574  000.300  000.300: sourcing /tmp/.mount_nvimchJlCn/usr/share/nvim/runtime/plugin/rplugin.vim
038.894  000.209  000.209: sourcing /tmp/.mount_nvimchJlCn/usr/share/nvim/runtime/plugin/tarPlugin.vim
039.093  000.077  000.077: sourcing /tmp/.mount_nvimchJlCn/usr/share/nvim/runtime/plugin/tutor.vim
039.472  000.274  000.274: sourcing /tmp/.mount_nvimchJlCn/usr/share/nvim/runtime/plugin/zipPlugin.vim
039.786  000.188  000.188: sourcing /tmp/.mount_nvimchJlCn/usr/share/nvim/runtime/plugin/editorconfig.lua
040.087  000.199  000.199: sourcing /tmp/.mount_nvimchJlCn/usr/share/nvim/runtime/plugin/man.lua
040.451  000.265  000.265: sourcing /tmp/.mount_nvimchJlCn/usr/share/nvim/runtime/plugin/net.lua
040.757  000.208  000.208: sourcing /tmp/.mount_nvimchJlCn/usr/share/nvim/runtime/plugin/osc52.lua
041.119  000.268  000.268: sourcing /tmp/.mount_nvimchJlCn/usr/share/nvim/runtime/plugin/shada.lua
041.498  000.128  000.128: sourcing /tmp/.mount_nvimchJlCn/usr/share/nvim/runtime/plugin/spellfile.lua
041.588  005.173: loading rtp plugins
042.009  000.421: loading packages
042.014  000.006: loading after plugins
042.038  000.024: inits 3
045.710  003.672: reading ShaDa
046.043  000.333: opening buffers
046.110  000.067: BufEnter autocommands
046.118  000.008: editing files in windows
046.364  000.246: VimEnter autocommands
046.427  000.063: UIEnter autocommands
046.433  000.006: before starting main loop
9047.528  000.037  000.037: require('vim._core.util')
9047.802  9001.332: first screen update
9047.807  000.006: --- NVIM STARTED ---

